Arguments: 
  C:\Program Files\nodejs\node.exe C:\Users\Youcode\AppData\Roaming\npm\node_modules\yarn\bin\yarn.js add fawn

PATH: 
  C:\Program Files\Common Files\Oracle\Java\javapath;C:\Program Files (x86)\Common Files\Oracle\Java\javapath;C:\ProgramData\Oracle\Java\javapath;C:\Python27\;C:\Python27\Scripts;C:\Windows\system32;C:\Windows;C:\Windows\System32\Wbem;C:\Windows\System32\WindowsPowerShell\v1.0\;C:\Windows\System32\OpenSSH\;C:\Program Files\Intel\WiFi\bin\;C:\Program Files\Common Files\Intel\WirelessCommon\;C:\Program Files\Git\cmd;C:\Program Files\Perforce\;C:\ProgramData\chocolatey\bin;C:\ProgramData\ComposerSetup\bin;C:\xampp\php;C:\Program Files (x86)\PuTTY\;C:\Program Files\nodejs\;C:\xampp\mysql\bin;C:\Users\Youcode\AppData\Local\Microsoft\WindowsApps;C:\Users\Youcode\AppData\Local\Programs\Microsoft VS Code\bin;C:\Users\Youcode\AppData\Local\GitHubDesktop\bin;C:\Users\Youcode\AppData\Roaming\npm

Yarn version: 
  1.22.10

Node version: 
  14.15.4

Platform: 
  win32 x64

Trace: 
  Error: EPERM: operation not permitted, unlink 'C:\Users\Youcode\Desktop\salon-automobile\backend\app\node_modules\bcrypt\lib\binding\napi-v3\bcrypt_lib.node'

npm manifest: 
  {
    "name": "backend",
    "version": "1.0.0",
    "description": "backend salon automobile",
    "main": "server.js",
    "scripts": {
      "dev": "nodemon server.js"
    },
    "keywords": [
      "node",
      "js",
      "express"
    ],
    "author": "Med-Najjar",
    "license": "MIT",
    "dependencies": {
      "bcrypt": "^5.0.1",
      "cookie-parser": "^1.4.5",
      "express": "^4.17.1",
      "fawn": "^2.1.5",
      "joi": "^17.4.0",
      "jsonwebtoken": "^8.5.1",
      "mongoose": "^5.12.3",
      "mongoose-unique-validator": "^2.0.3",
      "multer": "^1.4.2"
    },
    "devDependencies": {
      "dotenv": "^8.2.0"
    }
  }

yarn manifest: 
  No manifest

Lockfile: 
  No lockfile
